<?xml version="1.0" encoding="UTF-8"?>
<!-- Generated by org.testng.reporters.JUnitReportReporter -->
<testsuite hostname="ABDULAJEES" failures="0" tests="6" name="testScripts.ParallelExecutionTest" time="11.587" errors="0" timestamp="2024-05-04T09:43:43 IST" skipped="1">
  <testcase classname="testScripts.ParallelExecutionTest" name="register" time="1.651"/>
  <testcase classname="testScripts.ParallelExecutionTest" name="register" time="5.150"/>
  <testcase classname="testScripts.ParallelExecutionTest" name="register" time="1.676"/>
  <testcase classname="testScripts.ParallelExecutionTest" name="register" time="1.546"/>
  <testcase classname="testScripts.ParallelExecutionTest" name="register" time="1.564"/>
  <testcase classname="testScripts.ParallelExecutionTest" name="login">
    <skipped/>
  </testcase> <!-- login -->
</testsuite> <!-- testScripts.ParallelExecutionTest -->
