<?xml version="1.0" encoding="UTF-8"?>
<!-- Generated by org.testng.reporters.JUnitReportReporter -->
<testsuite hostname="ABDULAJEES" failures="0" tests="5" name="testScripts.PriorityTest" time="8.778" errors="0" timestamp="2024-04-30T20:28:30 IST" skipped="0">
  <testcase classname="testScripts.PriorityTest" name="register" time="2.453"/>
  <testcase classname="testScripts.PriorityTest" name="login" time="1.583"/>
  <testcase classname="testScripts.PriorityTest" name="addtocart" time="1.598"/>
  <testcase classname="testScripts.PriorityTest" name="payment" time="1.569"/>
  <testcase classname="testScripts.PriorityTest" name="confirmorder" time="1.575"/>
</testsuite> <!-- testScripts.PriorityTest -->
