<?xml version="1.0" encoding="UTF-8"?>
<!-- Generated by org.testng.reporters.JUnitReportReporter -->
<testsuite hostname="ABDULAJEES" failures="0" tests="1" name="genericlibrary.BaseClass" time="3.487" errors="0" timestamp="2024-05-03T22:11:41 IST" skipped="0">
  <testcase classname="genericlibrary.BaseClass" name="log" time="3.487"/>
</testsuite> <!-- genericlibrary.BaseClass -->
