<?xml version="1.0" encoding="UTF-8"?>
<!-- Generated by org.testng.reporters.JUnitReportReporter -->
<testsuite hostname="ABDULAJEES" failures="0" tests="5" name="testScripts.DependsOnMethodTest" time="9.025" errors="0" timestamp="2024-04-30T20:37:36 IST" skipped="0">
  <testcase classname="testScripts.DependsOnMethodTest" name="confirmorder" time="1.624"/>
  <testcase classname="testScripts.DependsOnMethodTest" name="register" time="2.462"/>
  <testcase classname="testScripts.DependsOnMethodTest" name="login" time="1.722"/>
  <testcase classname="testScripts.DependsOnMethodTest" name="addtocart" time="1.586"/>
  <testcase classname="testScripts.DependsOnMethodTest" name="payment" time="1.631"/>
</testsuite> <!-- testScripts.DependsOnMethodTest -->
